  [4;36;1mSQL (0.3ms)[0m   [0;1m SELECT name
 FROM sqlite_master
 WHERE type = 'table' AND NOT name = 'sqlite_sequence'
[0m
  [4;35;1mSQL (0.2ms)[0m   [0mselect sqlite_version(*)[0m
  [4;36;1mSQL (2.9ms)[0m   [0;1mCREATE TABLE "schema_migrations" ("version" varchar(255) NOT NULL) [0m
  [4;35;1mSQL (2.3ms)[0m   [0mCREATE UNIQUE INDEX "unique_schema_migrations" ON "schema_migrations" ("version")[0m
  [4;36;1mSQL (0.3ms)[0m   [0;1m SELECT name
 FROM sqlite_master
 WHERE type = 'table' AND NOT name = 'sqlite_sequence'
[0m
  [4;35;1mSQL (0.3ms)[0m   [0mSELECT version FROM schema_migrations[0m
  [4;36;1mSQL (0.2ms)[0m   [0;1mSET client_min_messages TO 'panic'[0m
  [4;35;1mSQL (0.1ms)[0m   [0mSET client_min_messages TO 'notice'[0m
  [4;36;1mSQL (59.1ms)[0m   [0;1mCREATE TABLE "schema_migrations" ("version" character varying(255) NOT NULL) [0m
  [4;35;1mSQL (42.6ms)[0m   [0mCREATE UNIQUE INDEX "unique_schema_migrations" ON "schema_migrations" ("version")[0m
  [4;36;1mSQL (0.4ms)[0m   [0;1mSELECT version FROM schema_migrations[0m
  [4;35;1mSQL (0.2ms)[0m   [0mSET client_min_messages TO 'panic'[0m
  [4;36;1mSQL (0.1ms)[0m   [0;1mSET client_min_messages TO 'notice'[0m
  [4;35;1mSQL (0.2ms)[0m   [0mSET search_path TO public[0m
  [4;36;1mSQL (121.6ms)[0m   [0;1mDROP DATABASE IF EXISTS "herector_test"[0m
  [4;35;1mSQL (0.2ms)[0m   [0mSET client_min_messages TO 'panic'[0m
  [4;36;1mSQL (0.1ms)[0m   [0;1mSET client_min_messages TO 'notice'[0m
  [4;35;1mSQL (0.2ms)[0m   [0mSET search_path TO public[0m
  [4;36;1mSQL (446.0ms)[0m   [0;1mCREATE DATABASE "herector_test" ENCODING = 'utf8'[0m
  [4;36;1mSQL (0.2ms)[0m   [0;1mSET client_min_messages TO 'panic'[0m
  [4;35;1mSQL (0.1ms)[0m   [0mSET client_min_messages TO 'notice'[0m
  [4;36;1mSQL (0.5ms)[0m   [0;1mSELECT version FROM schema_migrations[0m
  [4;36;1mSQL (0.2ms)[0m   [0;1mSET client_min_messages TO 'panic'[0m
  [4;35;1mSQL (0.1ms)[0m   [0mSET client_min_messages TO 'notice'[0m
  [4;36;1mSQL (0.5ms)[0m   [0;1mSELECT version FROM schema_migrations[0m
  [4;35;1mSQL (0.2ms)[0m   [0mSET client_min_messages TO 'panic'[0m
  [4;36;1mSQL (0.1ms)[0m   [0;1mSET client_min_messages TO 'notice'[0m
  [4;35;1mSQL (0.2ms)[0m   [0mSET search_path TO public[0m
  [4;36;1mSQL (121.9ms)[0m   [0;1mDROP DATABASE IF EXISTS "herector_test"[0m
  [4;35;1mSQL (0.2ms)[0m   [0mSET client_min_messages TO 'panic'[0m
  [4;36;1mSQL (0.1ms)[0m   [0;1mSET client_min_messages TO 'notice'[0m
  [4;35;1mSQL (0.2ms)[0m   [0mSET search_path TO public[0m
  [4;36;1mSQL (524.7ms)[0m   [0;1mCREATE DATABASE "herector_test" ENCODING = 'utf8'[0m
  [4;35;1mSQL (0.2ms)[0m   [0mSET client_min_messages TO 'panic'[0m
  [4;36;1mSQL (0.1ms)[0m   [0;1mSET client_min_messages TO 'notice'[0m
  [4;35;1mSQL (12.8ms)[0m   [0mCREATE TABLE "schema_migrations" ("version" character varying(255) NOT NULL) [0m
  [4;36;1mSQL (20.0ms)[0m   [0;1mCREATE UNIQUE INDEX "unique_schema_migrations" ON "schema_migrations" ("version")[0m
  [4;35;1mSQL (0.6ms)[0m   [0mSELECT version FROM "schema_migrations"[0m
  [4;36;1mSQL (3.9ms)[0m   [0;1mINSERT INTO "schema_migrations" (version) VALUES ('0')[0m
  [4;36;1mSQL (0.2ms)[0m   [0;1mSET client_min_messages TO 'panic'[0m
  [4;35;1mSQL (0.1ms)[0m   [0mSET client_min_messages TO 'notice'[0m


Processing WelcomeController#index (for 127.0.0.1 at 2010-04-22 13:00:51) [GET]
Rendering welcome/show

ActionView::MissingTemplate (Missing template welcome/show.erb in view path app/views):
  app/controllers/welcome_controller.rb:3:in `index'

Rendering rescues/layout (internal_server_error)
  [4;36;1mSQL (0.2ms)[0m   [0;1mSET client_min_messages TO 'panic'[0m
  [4;35;1mSQL (0.1ms)[0m   [0mSET client_min_messages TO 'notice'[0m


Processing WelcomeController#index (for 127.0.0.1 at 2010-04-22 13:01:42) [GET]
Rendering welcome/show
Completed in 9ms (View: 7, DB: 0) | 200 OK [http://localhost/]
  [4;36;1mSQL (0.2ms)[0m   [0;1mSET client_min_messages TO 'panic'[0m
  [4;35;1mSQL (0.1ms)[0m   [0mSET client_min_messages TO 'notice'[0m


Processing WelcomeController#index (for 127.0.0.1 at 2010-04-22 13:02:06) [GET]
Rendering welcome/show
Completed in 8ms (View: 7, DB: 0) | 200 OK [http://localhost/]
